proguard-project.txt
# To enable ProGuard in your project, edit project.properties
# to define the proguard.config property as described in that file.
#
# Add project specific ProGuard rules here.
# By default, the flags in this file are appended to flags specified
# in ${sdk.dir}/tools/proguard/proguard-android.txt
# You can edit the include path and order by changing the ProGuard
# include property in project.properties.
#
# For more details, see
#   http://developer.android.com/guide/developing/tools/proguard.html

# Add any project specific keep options here:

# If your project uses WebView with JS, uncomment the following
# and specify the fully qualified class name to the JavaScript interface
# class:
#-keepclassmembers class fqcn.of.javascript.interface.for.webview {  
#   public *;  
#}  
# =============== common start ===============
-dontwarn android.support.**  

-optimizationpasses 5  
-dontusemixedcaseclassnames  
-dontskipnonpubliclibraryclasses  
-dontpreverify  
-verbose  
-optimizations !code/simplification/arithmetic,!field/*,!class/merging/*  

#-keep public class * extends android.app.Activity  
#-keep public class * extends android.app.Application  
#-keep public class * extends android.app.Service  
#-keep public class * extends android.content.BroadcastReceiver  
#-keep public class * extends android.content.ContentProvider  
#-keep public class * extends android.telephony.PhoneStateListener
  
 -keepclasseswithmembernames class * {  
     native <methods>;  
}  
  
-keepclasseswithmembers class * {  
    public <init>(android.content.Context, android.util.AttributeSet);  
}  
  
-keepclasseswithmembers class * {  
    public <init>(android.content.Context, android.util.AttributeSet, int);  
}  
  
-keepclassmembers class * extends android.app.Activity {  
    public void *(android.view.View);  
}  
  
-keepclassmembers enum * {  
    public static **[] values();  
    public static ** valueOf(java.lang.String);  
}  
  
-keep class * implements android.os.Parcelable {  
    public static final android.os.Parcelable$Creator *;  
} 

-keep class android.support.** {*;}
# =============== common  end  ===============

# =============== umeng start ===============
-dontwarn com.umeng.**
-keep class com.umeng.** { *;}
#-keepclassmembers class * {
#    public <init>(org.json.JSONObject);
#}
-keep public class com.qc4w.ilocker.R$*{
    public static final int *;
}
# =============== umeng  end  ===============

# =============== picasso start ================
-keep class com.squareup.okhttp.** {*;}
-dontwarn com.squareup.okhttp.**
# =============== picasso  end  ================

# =============== system start ================
-keep class android.os.** {*;}
-dontwarn android.os.**
# =============== system  end  ================

# =============== shimmer start ================
-keep class com.romainpiel.shimmer.** {*;}
# =============== shimmer  end  ================

# =============== nineoldanroids start ================
-keep class com.nineoldandroids.animation.** {*;}
-keep class com.nineoldandroids.util.** {*;}
-keep class com.nineoldandroids.view.** {*;}
-keep class com.nineoldandroids.view.animation.** {*;}
# =============== nineoldanroids  end  ================

# =============== views start ================
-keep class com.qc4w.ilocker.ui.view.** {*;}
# =============== views  end  ================

##---------------Begin: proguard configuration common for all Android apps ----------

# Explicitly preserve all serialization members. The Serializable interface
# is only a marker interface, so it wouldn't save them.
-keepclassmembers class * implements java.io.Serializable {
    static final long serialVersionUID;
    private static final java.io.ObjectStreamField[] serialPersistentFields;
    private void writeObject(java.io.ObjectOutputStream);
    private void readObject(java.io.ObjectInputStream);
    java.lang.Object writeReplace();
    java.lang.Object readResolve();
}

# Preserve static fields of inner classes of R classes that might be accessed
# through introspection.
-keepclassmembers class **.R$* {
  public static <fields>;
}

# Preserve the special static methods that are required in all enumeration classes.
-keepclassmembers enum * {
    public static **[] values();
    public static ** valueOf(java.lang.String);
}

-keep class * implements android.os.Parcelable {
  public static final android.os.Parcelable$Creator *;
}
##---------------End: proguard configuration common for all Android apps ----------

##---------------Begin: proguard configuration for Gson  ----------
# Gson uses generic type information stored in a class file when working with fields. Proguard
# removes such information by default, so configure it to keep all of it.
-keepattributes Signature