proguard/seeds.txt
com.qc4w.ilocker.LockerApplication
com.qc4w.ilocker.LockerApplication: LockerApplication()
com.qc4w.ilocker.R$anim
com.qc4w.ilocker.R$anim: int default_anim_in
com.qc4w.ilocker.R$anim: int default_anim_out
com.qc4w.ilocker.R$anim: int error_frame_in
com.qc4w.ilocker.R$anim: int error_x_in
com.qc4w.ilocker.R$anim: int modal_in
com.qc4w.ilocker.R$anim: int modal_out
com.qc4w.ilocker.R$anim: int push_left_in
com.qc4w.ilocker.R$anim: int push_left_out
com.qc4w.ilocker.R$anim: int push_right_in
com.qc4w.ilocker.R$anim: int push_right_out
com.qc4w.ilocker.R$anim: int success_bow_roate
com.qc4w.ilocker.R$anim: int success_mask_layout
com.qc4w.ilocker.R$array
com.qc4w.ilocker.R$array: int answers
com.qc4w.ilocker.R$array: int colors
com.qc4w.ilocker.R$array: int locker_screen_titles
com.qc4w.ilocker.R$array: int main_menus
com.qc4w.ilocker.R$array: int questions
com.qc4w.ilocker.R$array: int widget_type
com.qc4w.ilocker.R$attr
com.qc4w.ilocker.R$attr: int LeftAnimationDuratioin
com.qc4w.ilocker.R$attr: int MinDistanceToUnlock
com.qc4w.ilocker.R$attr: int MinVelocityXToUnlock
com.qc4w.ilocker.R$attr: int RightAnimationDuratioin
com.qc4w.ilocker.R$attr: int SlideColor
com.qc4w.ilocker.R$attr: int StringToShow
com.qc4w.ilocker.R$attr: int SwipeBackLayoutStyle
com.qc4w.ilocker.R$attr: int TextColor
com.qc4w.ilocker.R$attr: int TextSize
com.qc4w.ilocker.R$attr: int animationVelocity
com.qc4w.ilocker.R$attr: int arc_angle
com.qc4w.ilocker.R$attr: int arc_axisRadius
com.qc4w.ilocker.R$attr: int arc_color
com.qc4w.ilocker.R$attr: int arc_freeAngle
com.qc4w.ilocker.R$attr: int arc_origin
com.qc4w.ilocker.R$attr: int arc_radius
com.qc4w.ilocker.R$attr: int arc_reverseAngle
com.qc4w.ilocker.R$attr: int arrowGreenUp
com.qc4w.ilocker.R$attr: int arrowRedUp
com.qc4w.ilocker.R$attr: int aspect
com.qc4w.ilocker.R$attr: int borderWidth
com.qc4w.ilocker.R$attr: int btnNormal
com.qc4w.ilocker.R$attr: int btnTouched
com.qc4w.ilocker.R$attr: int circleGreen
com.qc4w.ilocker.R$attr: int circleNormal
com.qc4w.ilocker.R$attr: int circleRed
com.qc4w.ilocker.R$attr: int cropImageStyle
com.qc4w.ilocker.R$attr: int edge_flag
com.qc4w.ilocker.R$attr: int edge_size
com.qc4w.ilocker.R$attr: int fab_addButtonColorNormal
com.qc4w.ilocker.R$attr: int fab_addButtonColorPressed
com.qc4w.ilocker.R$attr: int fab_addButtonPlusIconColor
com.qc4w.ilocker.R$attr: int fab_colorNormal
com.qc4w.ilocker.R$color
com.qc4w.ilocker.R$color: int Grey
com.qc4w.ilocker.R$color: int LightGray
com.qc4w.ilocker.R$color: int accent
com.qc4w.ilocker.R$color: int ampm_text_color
com.qc4w.ilocker.R$color: int app_main_color
com.qc4w.ilocker.R$color: int app_main_color_pressed
com.qc4w.ilocker.R$color: int background
com.qc4w.ilocker.R$color: int black
com.qc4w.ilocker.R$color: int black_light
com.qc4w.ilocker.R$color: int black_translucent
com.qc4w.ilocker.R$color: int blue
com.qc4w.ilocker.R$color: int blue_btn_bg_color
com.qc4w.ilocker.R$color: int blue_btn_bg_pressed_color
com.qc4w.ilocker.R$color: int blue_semi_transparent
com.qc4w.ilocker.R$color: int blue_semi_transparent_pressed
com.qc4w.ilocker.R$color: int brown
com.qc4w.ilocker.R$color: int button_text_color
com.qc4w.ilocker.R$color: int calendar_header
com.qc4w.ilocker.R$color: int circle_background
com.qc4w.ilocker.R$color: int colorAccent
com.qc4w.ilocker.R$color: int colorPrimary
com.qc4w.ilocker.R$color: int colorPrimaryDark
com.qc4w.ilocker.R$color: int colorPrimaryLight
com.qc4w.ilocker.R$color: int crop__button_bar
com.qc4w.ilocker.R$color: int crop__button_text
com.qc4w.ilocker.R$color: int crop__selector_focused
com.qc4w.ilocker.R$color: int crop__selector_pressed
com.qc4w.ilocker.R$color: int darker_blue
com.qc4w.ilocker.R$color: int date_picker_selector
com.qc4w.ilocker.R$color: int date_picker_text_normal
com.qc4w.ilocker.R$color: int date_picker_view_animator
...
android.support.v4.app.ActionBarDrawerToggle$ActionBarDrawerToggleImpl
android.support.v4.app.ActionBarDrawerToggle$ActionBarDrawerToggleImpl: android.graphics.drawable.Drawable getThemeUpIndicator(android.app.Activity)
android.support.v4.app.ActionBarDrawerToggle$ActionBarDrawerToggleImpl: java.lang.Object setActionBarUpIndicator(java.lang.Object,android.app.Activity,android.graphics.drawable.Drawable,int)
android.support.v4.app.ActionBarDrawerToggle$ActionBarDrawerToggleImpl: java.lang.Object setActionBarDescription(java.lang.Object,android.app.Activity,int)
android.support.v4.app.ActionBarDrawerToggle$ActionBarDrawerToggleImplBase
android.support.v4.app.ActionBarDrawerToggle$ActionBarDrawerToggleImplBase: ActionBarDrawerToggle$ActionBarDrawerToggleImplBase()
android.support.v4.app.ActionBarDrawerToggle$ActionBarDrawerToggleImplBase: android.graphics.drawable.Drawable getThemeUpIndicator(android.app.Activity)
android.support.v4.app.ActionBarDrawerToggle$ActionBarDrawerToggleImplBase: java.lang.Object setActionBarUpIndicator(java.lang.Object,android.app.Activity,android.graphics.drawable.Drawable,int)
android.support.v4.app.ActionBarDrawerToggle$ActionBarDrawerToggleImplBase: java.lang.Object setActionBarDescription(java.lang.Object,android.app.Activity,int)
android.support.v4.app.ActionBarDrawerToggle$ActionBarDrawerToggleImplBase: ActionBarDrawerToggle$ActionBarDrawerToggleImplBase(android.support.v4.app.ActionBarDrawerToggle$1)
android.support.v4.app.ActionBarDrawerToggle$ActionBarDrawerToggleImplHC
android.support.v4.app.ActionBarDrawerToggle$ActionBarDrawerToggleImplHC: ActionBarDrawerToggle$ActionBarDrawerToggleImplHC()
android.support.v4.app.ActionBarDrawerToggle$ActionBarDrawerToggleImplHC: android.graphics.drawable.Drawable getThemeUpIndicator(android.app.Activity)
android.support.v4.app.ActionBarDrawerToggle$ActionBarDrawerToggleImplHC: java.lang.Object setActionBarUpIndicator(java.lang.Object,android.app.Activity,android.graphics.drawable.Drawable,int)
android.support.v4.app.ActionBarDrawerToggle$ActionBarDrawerToggleImplHC: java.lang.Object setActionBarDescription(java.lang.Object,android.app.Activity,int)
android.support.v4.app.ActionBarDrawerToggle$ActionBarDrawerToggleImplHC: ActionBarDrawerToggle$ActionBarDrawerToggleImplHC(android.support.v4.app.ActionBarDrawerToggle$1)
android.support.v4.app.ActionBarDrawerToggle$ActionBarDrawerToggleImplJellybeanMR2
android.support.v4.app.ActionBarDrawerToggle$ActionBarDrawerToggleImplJellybeanMR2: ActionBarDrawerToggle$ActionBarDrawerToggleImplJellybeanMR2()
android.support.v4.app.ActionBarDrawerToggle$ActionBarDrawerToggleImplJellybeanMR2: android.graphics.drawable.Drawable getThemeUpIndicator(android.app.Activity)
android.support.v4.app.ActionBarDrawerToggle$ActionBarDrawerToggleImplJellybeanMR2: java.lang.Object setActionBarUpIndicator(java.lang.Object,android.app.Activity,android.graphics.drawable.Drawable,int)
android.support.v4.app.ActionBarDrawerToggle$ActionBarDrawerToggleImplJellybeanMR2: java.lang.Object setActionBarDescription(java.lang.Object,android.app.Activity,int)
android.support.v4.app.ActionBarDrawerToggle$ActionBarDrawerToggleImplJellybeanMR2: ActionBarDrawerToggle$ActionBarDrawerToggleImplJellybeanMR2(android.support.v4.app.ActionBarDrawerToggle$1)
android.support.v4.app.ActionBarDrawerToggle$Delegate
android.support.v4.app.ActionBarDrawerToggle$Delegate: android.graphics.drawable.Drawable getThemeUpIndicator()
android.support.v4.app.ActionBarDrawerToggle$Delegate: void setActionBarUpIndicator(android.graphics.drawable.Drawable,int)
android.support.v4.app.ActionBarDrawerToggle$Delegate: void setActionBarDescription(int)
android.support.v4.app.ActionBarDrawerToggle$DelegateProvider
android.support.v4.app.ActionBarDrawerToggle$DelegateProvider: android.support.v4.app.ActionBarDrawerToggle$Delegate getDrawerToggleDelegate()