proguard/mapping.txt
com.qc4w.ilocker.LockerApplication -> com.qc4w.ilocker.LockerApplication:
    void onCreate() -> onCreate
com.qc4w.ilocker.R -> com.qc4w.ilocker.R:
com.qc4w.ilocker.R$anim -> com.qc4w.ilocker.R$anim:
    int default_anim_in -> default_anim_in
    int default_anim_out -> default_anim_out
    int error_frame_in -> error_frame_in
    int error_x_in -> error_x_in
    int modal_in -> modal_in
    int modal_out -> modal_out
    int push_left_in -> push_left_in
    int push_left_out -> push_left_out
    int push_right_in -> push_right_in
    int push_right_out -> push_right_out
    int success_bow_roate -> success_bow_roate
    int success_mask_layout -> success_mask_layout
com.qc4w.ilocker.R$array -> com.qc4w.ilocker.R$array:
    int answers -> answers
    int colors -> colors
    int locker_screen_titles -> locker_screen_titles
    int main_menus -> main_menus
    int questions -> questions
    int widget_type -> widget_type
com.qc4w.ilocker.R$attr -> com.qc4w.ilocker.R$attr:
    int LeftAnimationDuratioin -> LeftAnimationDuratioin
    int MinDistanceToUnlock -> MinDistanceToUnlock
    int MinVelocityXToUnlock -> MinVelocityXToUnlock
    int RightAnimationDuratioin -> RightAnimationDuratioin
    int SlideColor -> SlideColor
    int StringToShow -> StringToShow
    int SwipeBackLayoutStyle -> SwipeBackLayoutStyle
    int TextColor -> TextColor
    int TextSize -> TextSize
    int animationVelocity -> animationVelocity
    int arc_angle -> arc_angle
    int arc_axisRadius -> arc_axisRadius
    int arc_color -> arc_color
    int arc_freeAngle -> arc_freeAngle
    int arc_origin -> arc_origin
    int arc_radius -> arc_radius
    int arc_reverseAngle -> arc_reverseAngle
    int arrowGreenUp -> arrowGreenUp
    int arrowRedUp -> arrowRedUp
    int aspect -> aspect
    int borderWidth -> borderWidth
    int btnNormal -> btnNormal
    int btnTouched -> btnTouched
    int circleGreen -> circleGreen
    int circleNormal -> circleNormal
    int circleRed -> circleRed
    int cropImageStyle -> cropImageStyle
    int edge_flag -> edge_flag
    int edge_size -> edge_size
    int fab_addButtonColorNormal -> fab_addButtonColorNormal
    int fab_addButtonColorPressed -> fab_addButtonColorPressed
    int fab_addButtonPlusIconColor -> fab_addButtonPlusIconColor
    int fab_colorNormal -> fab_colorNormal
    int fab_colorPressed -> fab_colorPressed
    int fab_expandDirection -> fab_expandDirection
com.qc4w.ilocker.R$color -> com.qc4w.ilocker.R$color:
    int Grey -> Grey
    int LightGray -> LightGray
    int accent -> accent
    int ampm_text_color -> ampm_text_color
    int app_main_color -> app_main_color
    int app_main_color_pressed -> app_main_color_pressed
    int background -> background
    int black -> black
    int black_light -> black_light
    int black_translucent -> black_translucent
    int blue -> blue
    int blue_btn_bg_color -> blue_btn_bg_color
    int blue_btn_bg_pressed_color -> blue_btn_bg_pressed_color
    int blue_semi_transparent -> blue_semi_transparent
    int blue_semi_transparent_pressed -> blue_semi_transparent_pressed
    int brown -> brown
    int button_text_color -> button_text_color
    int calendar_header -> calendar_header
    int circle_background -> circle_background
    int colorAccent -> colorAccent
    int colorPrimary -> colorPrimary
    int colorPrimaryDark -> colorPrimaryDark
    int colorPrimaryLight -> colorPrimaryLight
    int crop__button_bar -> crop__button_bar
    int crop__button_text -> crop__button_text
    int crop__selector_focused -> crop__selector_focused
    int crop__selector_pressed -> crop__selector_pressed
    int darker_blue -> darker_blue
    int date_picker_selector -> date_picker_selector
    int date_picker_text_normal -> date_picker_text_normal
    int date_picker_view_animator -> date_picker_view_animator
    int date_picker_year_selector -> date_picker_year_selector
...
android.support.v4.view.accessibility.AccessibilityRecordCompatIcsMr1 -> android.support.v4.view.accessibility.AccessibilityRecordCompatIcsMr1:
    int getMaxScrollX(java.lang.Object) -> getMaxScrollX
    int getMaxScrollY(java.lang.Object) -> getMaxScrollY
    void setMaxScrollX(java.lang.Object,int) -> setMaxScrollX
    void setMaxScrollY(java.lang.Object,int) -> setMaxScrollY
android.support.v4.view.accessibility.AccessibilityRecordCompatJellyBean -> android.support.v4.view.accessibility.AccessibilityRecordCompatJellyBean:
    void setSource(java.lang.Object,android.view.View,int) -> setSource
android.support.v4.widget.AutoScrollHelper -> android.support.v4.widget.AutoScrollHelper:
    float RELATIVE_UNSPECIFIED -> RELATIVE_UNSPECIFIED
    float NO_MAX -> NO_MAX
    float NO_MIN -> NO_MIN
    int EDGE_TYPE_INSIDE -> EDGE_TYPE_INSIDE
    int EDGE_TYPE_INSIDE_EXTEND -> EDGE_TYPE_INSIDE_EXTEND
    int EDGE_TYPE_OUTSIDE -> EDGE_TYPE_OUTSIDE
    int HORIZONTAL -> HORIZONTAL
    int VERTICAL -> VERTICAL
    android.support.v4.widget.AutoScrollHelper$ClampedScroller mScroller -> mScroller
    android.view.animation.Interpolator mEdgeInterpolator -> mEdgeInterpolator
    android.view.View mTarget -> mTarget
    java.lang.Runnable mRunnable -> mRunnable
    float[] mRelativeEdges -> mRelativeEdges
    float[] mMaximumEdges -> mMaximumEdges
    int mEdgeType -> mEdgeType
    int mActivationDelay -> mActivationDelay
    float[] mRelativeVelocity -> mRelativeVelocity
    float[] mMinimumVelocity -> mMinimumVelocity
    float[] mMaximumVelocity -> mMaximumVelocity
    boolean mAlreadyDelayed -> mAlreadyDelayed
    boolean mNeedsReset -> mNeedsReset
    boolean mNeedsCancel -> mNeedsCancel
    boolean mAnimating -> mAnimating
    boolean mEnabled -> mEnabled
    boolean mExclusive -> mExclusive
    int DEFAULT_EDGE_TYPE -> DEFAULT_EDGE_TYPE
    int DEFAULT_MINIMUM_VELOCITY_DIPS -> DEFAULT_MINIMUM_VELOCITY_DIPS
    int DEFAULT_MAXIMUM_VELOCITY_DIPS -> DEFAULT_MAXIMUM_VELOCITY_DIPS
    float DEFAULT_MAXIMUM_EDGE -> DEFAULT_MAXIMUM_EDGE
android.support.v4.widget.AutoScrollHelper$1 -> android.support.v4.widget.AutoScrollHelper$1:
android.support.v4.widget.AutoScrollHelper$ClampedScroller -> android.support.v4.widget.AutoScrollHelper$ClampedScroller:
    int mRampUpDuration -> mRampUpDuration
    int mRampDownDuration -> mRampDownDuration
    float mTargetVelocityX -> mTargetVelocityX
    float mTargetVelocityY -> mTargetVelocityY
    long mStartTime -> mStartTime
    long mDeltaTime -> mDeltaTime
    int mDeltaX -> mDeltaX
    int mDeltaY -> mDeltaY
    long mStopTime -> mStopTime
    float mStopValue -> mStopValue
    int mEffectiveRampDown -> mEffectiveRampDown
    void setRampUpDuration(int) -> setRampUpDuration
    void setRampDownDuration(int) -> setRampDownDuration
    void start() -> start
    void requestStop() -> requestStop
    boolean isFinished() -> isFinished
    float getValueAt(long) -> getValueAt
    float interpolateValue(float) -> interpolateValue
    void computeScrollDelta() -> computeScrollDelta
    void setTargetVelocity(float,float) -> setTargetVelocity
    int getHorizontalDirection() -> getHorizontalDirection
    int getVerticalDirection() -> getVerticalDirection
    int getDeltaX() -> getDeltaX
    int getDeltaY() -> getDeltaY
android.support.v4.widget.AutoScrollHelper$ScrollAnimationRunnable -> android.support.v4.widget.AutoScrollHelper$ScrollAnimationRunnable:
    android.support.v4.widget.AutoScrollHelper this$0 -> this$0
    void run() -> run
android.support.v4.widget.BakedBezierInterpolator -> android.support.v4.widget.BakedBezierInterpolator:
    android.support.v4.widget.BakedBezierInterpolator INSTANCE -> INSTANCE
    float[] VALUES -> VALUES
    float STEP_SIZE -> STEP_SIZE
    android.support.v4.widget.BakedBezierInterpolator getInstance() -> getInstance
    float getInterpolation(float) -> getInterpolation