proguard/usage.txt
com.qc4w.ilocker.BuildConfig
com.qc4w.ilocker.R:
    10:10:public R()
com.qc4w.ilocker.config.ConfigConstant
com.qc4w.ilocker.config.ConfigManager:
    142:143:public void setNotificationIconShown(boolean)
    376:376:public boolean isWidgetNotificationEnable()
    380:382:public void setWidgetNotificationEnable(boolean)
com.qc4w.ilocker.constant.Constants
com.qc4w.ilocker.constant.Constants$CommonValue
com.qc4w.ilocker.constant.Constants$LockerMode
com.qc4w.ilocker.constant.Constants$LockerScreen
com.qc4w.ilocker.constant.Constants$NotificationId
com.qc4w.ilocker.constant.Constants$Path
com.qc4w.ilocker.constant.Constants$RequestCode
com.qc4w.ilocker.constant.Constants$StringConstant
com.qc4w.ilocker.constant.Constants$WidgetType
com.qc4w.ilocker.db.ILockerDBHelper:
    private static final int DB_VERSION
    private static final java.lang.String DB_NAME
com.qc4w.ilocker.db.NotificationAppConstants:
    public static final java.lang.String TABLE_NAME
    public static final java.lang.String ID
    public static final java.lang.String PACKAGE_NAME
    public static final java.lang.String SHOW_NOTIFICATION
    3:3:public NotificationAppConstants()
com.qc4w.ilocker.db.NotificationAppDAO:
    56:67:public void delete(int)
    84:95:public void deleteAll()
    123:153:public java.util.List getAll()
com.qc4w.ilocker.db.WallpaperConstants:
    public static final java.lang.String TABLE_NAME
    public static final java.lang.String ID
    public static final java.lang.String PATH
    public static final java.lang.String IS_PRE_SET
    public static final java.lang.String IS_CURRENT
com.qc4w.ilocker.db.WallpaperDAO:
    39:68:public com.qc4w.ilocker.domain.Wallpaper getById(int)
    181:197:public int update(com.qc4w.ilocker.domain.Wallpaper)
com.qc4w.ilocker.domain.Group
com.qc4w.ilocker.domain.NotificationApp:
    private int id
    12:12:public int getId()
    16:17:public void setId(int)
    44:44:public boolean isHasActivity()
com.qc4w.ilocker.domain.NotificationWrapper:
    20:21:public void setNotification(android.app.Notification)
com.qc4w.ilocker.domain.People
com.qc4w.ilocker.receiver.SystemStateHelper:
    48:52:public void stopService()
    61:62:public void removeListener(com.qc4w.ilocker.receiver.SystemStateHelper$OnScreenListener)
com.qc4w.ilocker.ui.ActivityBase:
    13:14:protected void showToast(java.lang.String)
com.qc4w.ilocker.ui.CommentActivity$OnCommentChangedListener
com.qc4w.ilocker.ui.LockScreenActivity:
    private static final int MY_REQUEST_CODE
com.qc4w.ilocker.ui.MIUITipActivity
com.qc4w.ilocker.ui.MIUITipActivity$1
com.qc4w.ilocker.ui.MIUITipActivity$2
com.qc4w.ilocker.ui.MainStageActivity:
    188:200:public void change2Home()
com.qc4w.ilocker.ui.PreViewActivity:
    public static final int PREVIEW_TYPE_LOCKER_SCREEN
    public static final int PREVIEW_TYPE_LOCKER_MODE
com.qc4w.ilocker.ui.SelectPicActivity
com.qc4w.ilocker.ui.SplashActivity:
    private static final int MSG_ID_ENTER_APP
com.qc4w.ilocker.ui.adapter.ColorPickerAdapter:
    30:32:public void setDefColor(int)
    35:35:public int getDefColor()
com.qc4w.ilocker.ui.anim.FlowerHolder:
    private int color
    private android.graphics.RadialGradient gradient
    public static final float OVAL_SIZE
    public static final float OVAL_MAX_SIZE
    43:43:public android.graphics.Paint getPaint()
    59:60:public void setShape(android.graphics.drawable.ShapeDrawable)
    65:65:public int getColor()
    68:70:public void setColor(int)
    72:73:public void setGradient(android.graphics.RadialGradient)
    75:75:public android.graphics.RadialGradient getGradient()
    79:79:public float getAlpha()
    83:85:public void setAlpha(float)
    88:88:public float getWidth()
    91:93:public void setWidth(float)
    96:96:public float getHeight()
    99:101:public void setHeight(float)
com.qc4w.ilocker.ui.anim.Rotate3dAnimation
com.qc4w.ilocker.ui.fragment.DPictureCreatePasswordFragment:
    138:140:public void clearPassword()
...
u.aly.ai$e:
    96:118:public static u.aly.ai$e a(int)
    127:129:public static u.aly.ai$e b(int)
    136:136:public static u.aly.ai$e a(java.lang.String)
u.aly.aj:
    private static final int j
    private static final int k
    private static final int l
    143:148:public aj(int,int)
    153:158:public aj(u.aly.aj)
    161:161:public u.aly.aj a()
    166:172:public void b()
    175:175:public int c()
    185:186:public void d()
    198:198:public int f()
    208:209:public void h()
    221:221:public int j()
    231:232:public void k()
    244:244:public u.aly.aj$e e(int)
    286:290:private void a(java.io.ObjectOutputStream)
    295:300:private void a(java.io.ObjectInputStream)
    32:32:public synthetic u.aly.bz g()
    32:32:public synthetic u.aly.cg b(int)
u.aly.aj$e:
    67:75:public static u.aly.aj$e a(int)
    84:86:public static u.aly.aj$e b(int)
    93:93:public static u.aly.aj$e a(java.lang.String)
u.aly.ak:
    private static final int L
    private static final int M
    private static final int N
    236:283:public ak(u.aly.ak)
    286:286:public u.aly.ak a()
    291:311:public void b()
    314:314:public java.lang.String c()
    323:324:public void d()
    338:338:public java.lang.String f()
    347:348:public void h()
    362:362:public java.lang.String j()
    371:372:public void k()
    386:386:public java.lang.String m()
    390:391:public u.aly.ak d(java.lang.String)
    395:396:public void n()
    410:410:public java.lang.String p()
    419:420:public void q()
    434:434:public java.lang.String s()
    443:444:public void t()
    458:458:public java.lang.String v()
    467:468:public void w()
    482:482:public java.lang.String y()
    491:492:public void z()
    506:506:public u.aly.ba B()
    515:516:public void C()
    530:530:public boolean E()
    534:536:public u.aly.ak j(boolean)
    540:541:public void F()
    553:553:public boolean H()
    557:559:public u.aly.ak l(boolean)
    563:564:public void I()
    576:576:public java.lang.String K()
    585:586:public void L()
    600:600:public java.lang.String N()
    609:610:public void O()
    624:624:public long Q()
    634:635:public void R()
    647:647:public java.lang.String T()
    656:657:public void U()
    671:671:public java.lang.String W()
    680:681:public void X()
    695:695:public java.lang.String Z()
    704:705:public void aa()
    719:719:public u.aly.ak$e a(int)
u.aly.ak$e:
    109:145:public static u.aly.ak$e a(int)
    154:156:public static u.aly.ak$e b(int)
    163:163:public static u.aly.ak$e a(java.lang.String)
u.aly.al
u.aly.al$1
u.aly.al$a
u.aly.al$b
u.aly.al$c
u.aly.al$d
u.aly.al$e
u.aly.am:
    private static final int j
    145:149:public am(long,java.lang.String)
    154:163:public am(u.aly.am)
    166:166:public u.aly.am a()
    171:175:public void b()
    178:178:public long c()
    188:189:public void d()
    201:201:public java.lang.String f()
    210:211:public void h()
    215:215:public boolean i()
    229:229:public u.aly.an j()
    242:243:public void k()
    257:257:public u.aly.am$e a(int)
    309:313:private void a(java.io.ObjectOutputStream)
    318:323:private void a(java.io.ObjectInputStream)
    32:32:public synthetic u.aly.bz g()
    32:32:public synthetic u.aly.cg b(int)
u.aly.am$e:
    75:83:public static u.aly.am$e a(int)
    92:94:public static u.aly.am$e b(int)
    101:101:public static u.aly.am$e a(java.lang.String)